<?xml version="1.0" encoding="UTF-8"?>
<coverage generated="1552172171">
  <project timestamp="1552172171">
    <package name="Compubel\Rating">
      <file name="/Users/jasper/Laravel/laravel-rating/packages/compubel/laravel-rating/src/CanBeRated.php">
        <class name="CanBeRated" namespace="Compubel\Rating">
          <metrics complexity="7" methods="3" coveredmethods="3" conditionals="0" coveredconditionals="0" statements="10" coveredstatements="10" elements="13" coveredelements="13"/>
        </class>
        <line num="15" type="method" name="raters" visibility="public" complexity="3" crap="3" count="6"/>
        <line num="17" type="stmt" count="6"/>
        <line num="18" type="stmt" count="6"/>
        <line num="19" type="stmt" count="6"/>
        <line num="20" type="stmt" count="6"/>
        <line num="28" type="method" name="averageRating" visibility="public" complexity="2" crap="2" count="4"/>
        <line num="30" type="stmt" count="4"/>
        <line num="31" type="stmt" count="1"/>
        <line num="34" type="stmt" count="3"/>
        <line num="42" type="method" name="countRatings" visibility="public" complexity="2" crap="2" count="2"/>
        <line num="44" type="stmt" count="2"/>
        <line num="45" type="stmt" count="1"/>
        <line num="48" type="stmt" count="1"/>
        <metrics loc="50" ncloc="34" classes="1" methods="3" coveredmethods="3" conditionals="0" coveredconditionals="0" statements="10" coveredstatements="10" elements="13" coveredelements="13"/>
      </file>
      <file name="/Users/jasper/Laravel/laravel-rating/packages/compubel/laravel-rating/src/CanRate.php">
        <class name="CanRate" namespace="Compubel\Rating">
          <metrics complexity="20" methods="8" coveredmethods="4" conditionals="0" coveredconditionals="0" statements="34" coveredstatements="29" elements="42" coveredelements="33"/>
        </class>
        <line num="18" type="method" name="ratings" visibility="public" complexity="3" crap="3" count="8"/>
        <line num="20" type="stmt" count="8"/>
        <line num="21" type="stmt" count="8"/>
        <line num="22" type="stmt" count="8"/>
        <line num="23" type="stmt" count="8"/>
        <line num="32" type="method" name="isRateable" visibility="public" complexity="3" crap="3" count="9"/>
        <line num="34" type="stmt" count="9"/>
        <line num="35" type="stmt" count="1"/>
        <line num="38" type="stmt" count="8"/>
        <line num="47" type="method" name="hasRated" visibility="public" complexity="2" crap="2.15" count="8"/>
        <line num="49" type="stmt" count="8"/>
        <line num="50" type="stmt" count="0"/>
        <line num="53" type="stmt" count="8"/>
        <line num="63" type="method" name="addRatingFor" visibility="public" complexity="3" crap="3.01" count="8"/>
        <line num="65" type="stmt" count="8"/>
        <line num="66" type="stmt" count="0"/>
        <line num="69" type="stmt" count="8"/>
        <line num="70" type="stmt" count="1"/>
        <line num="73" type="stmt" count="8"/>
        <line num="74" type="stmt" count="8"/>
        <line num="75" type="stmt" count="8"/>
        <line num="76" type="stmt" count="8"/>
        <line num="77" type="stmt" count="8"/>
        <line num="80" type="stmt" count="8"/>
        <line num="90" type="method" name="updateRatingFor" visibility="public" complexity="3" crap="3.07" count="8"/>
        <line num="92" type="stmt" count="8"/>
        <line num="93" type="stmt" count="0"/>
        <line num="96" type="stmt" count="7"/>
        <line num="98" type="stmt" count="1"/>
        <line num="101" type="stmt" count="7"/>
        <line num="112" type="method" name="rate" visibility="public" complexity="2" crap="2" count="9"/>
        <line num="114" type="stmt" count="9"/>
        <line num="116" type="stmt" count="8"/>
        <line num="119" type="stmt" count="1"/>
        <line num="128" type="method" name="deleteRatingFor" visibility="public" complexity="3" crap="3.58" count="2"/>
        <line num="130" type="stmt" count="2"/>
        <line num="131" type="stmt" count="0"/>
        <line num="134" type="stmt" count="2"/>
        <line num="135" type="stmt" count="0"/>
        <line num="138" type="stmt" count="2"/>
        <line num="147" type="method" name="unrate" visibility="public" complexity="1" crap="1" count="1"/>
        <line num="149" type="stmt" count="1"/>
        <metrics loc="151" ncloc="99" classes="1" methods="8" coveredmethods="4" conditionals="0" coveredconditionals="0" statements="34" coveredstatements="29" elements="42" coveredelements="33"/>
      </file>
      <file name="/Users/jasper/Laravel/laravel-rating/packages/compubel/laravel-rating/src/Rate.php">
        <class name="Rate" namespace="Compubel\Rating">
          <metrics complexity="0" methods="0" coveredmethods="0" conditionals="0" coveredconditionals="0" statements="0" coveredstatements="0" elements="0" coveredelements="0"/>
        </class>
        <metrics loc="8" ncloc="8" classes="0" methods="0" coveredmethods="0" conditionals="0" coveredconditionals="0" statements="0" coveredstatements="0" elements="0" coveredelements="0"/>
      </file>
      <file name="/Users/jasper/Laravel/laravel-rating/packages/compubel/laravel-rating/src/RatingServiceProvider.php">
        <class name="Compubel\Rating\RatingServiceProvider" namespace="Compubel\Rating">
          <metrics complexity="4" methods="3" coveredmethods="3" conditionals="0" coveredconditionals="0" statements="16" coveredstatements="16" elements="19" coveredelements="19"/>
        </class>
        <line num="14" type="method" name="boot" visibility="public" complexity="2" crap="2" count="12"/>
        <line num="19" type="stmt" count="12"/>
        <line num="21" type="stmt" count="12"/>
        <line num="22" type="stmt" count="12"/>
        <line num="23" type="stmt" count="12"/>
        <line num="25" type="stmt" count="12"/>
        <line num="26" type="stmt" count="12"/>
        <line num="27" type="stmt" count="12"/>
        <line num="30" type="stmt" count="12"/>
        <line num="31" type="stmt" count="12"/>
        <line num="33" type="stmt" count="12"/>
        <line num="40" type="method" name="register" visibility="public" complexity="1" crap="1" count="12"/>
        <line num="42" type="stmt" count="12"/>
        <line num="51" type="stmt" count="12"/>
        <line num="68" type="method" name="bootForConsole" visibility="protected" complexity="1" crap="1" count="12"/>
        <line num="71" type="stmt" count="12"/>
        <line num="72" type="stmt" count="12"/>
        <line num="73" type="stmt" count="12"/>
        <line num="77" type="stmt" count="12"/>
        <metrics loc="78" ncloc="24" classes="1" methods="3" coveredmethods="3" conditionals="0" coveredconditionals="0" statements="16" coveredstatements="16" elements="19" coveredelements="19"/>
      </file>
    </package>
    <file name="/Users/jasper/Laravel/laravel-rating/packages/compubel/laravel-rating/src/Contracts/Rateable.php">
      <metrics loc="12" ncloc="12" classes="0" methods="0" coveredmethods="0" conditionals="0" coveredconditionals="0" statements="0" coveredstatements="0" elements="0" coveredelements="0"/>
    </file>
    <file name="/Users/jasper/Laravel/laravel-rating/packages/compubel/laravel-rating/src/Contracts/Rater.php">
      <metrics loc="22" ncloc="22" classes="0" methods="0" coveredmethods="0" conditionals="0" coveredconditionals="0" statements="0" coveredstatements="0" elements="0" coveredelements="0"/>
    </file>
    <file name="/Users/jasper/Laravel/laravel-rating/packages/compubel/laravel-rating/src/Contracts/Rating.php">
      <metrics loc="5" ncloc="5" classes="0" methods="0" coveredmethods="0" conditionals="0" coveredconditionals="0" statements="0" coveredstatements="0" elements="0" coveredelements="0"/>
    </file>
    <package name="Compubel\Rating\Exceptions">
      <file name="/Users/jasper/Laravel/laravel-rating/packages/compubel/laravel-rating/src/Exceptions/ModelNotRateable.php">
        <class name="Compubel\Rating\Exceptions\ModelNotRateable" namespace="Compubel\Rating\Exceptions">
          <metrics complexity="1" methods="1" coveredmethods="1" conditionals="0" coveredconditionals="0" statements="1" coveredstatements="1" elements="2" coveredelements="2"/>
        </class>
        <line num="10" type="method" name="create" visibility="public" complexity="1" crap="1" count="1"/>
        <line num="12" type="stmt" count="1"/>
        <metrics loc="14" ncloc="14" classes="1" methods="1" coveredmethods="1" conditionals="0" coveredconditionals="0" statements="1" coveredstatements="1" elements="2" coveredelements="2"/>
      </file>
      <file name="/Users/jasper/Laravel/laravel-rating/packages/compubel/laravel-rating/src/Exceptions/RatingAlreadyExists.php">
        <class name="Compubel\Rating\Exceptions\RatingAlreadyExists" namespace="Compubel\Rating\Exceptions">
          <metrics complexity="1" methods="1" coveredmethods="1" conditionals="0" coveredconditionals="0" statements="1" coveredstatements="1" elements="2" coveredelements="2"/>
        </class>
        <line num="9" type="method" name="create" visibility="public" complexity="1" crap="1" count="1"/>
        <line num="11" type="stmt" count="1"/>
        <metrics loc="12" ncloc="12" classes="1" methods="1" coveredmethods="1" conditionals="0" coveredconditionals="0" statements="1" coveredstatements="1" elements="2" coveredelements="2"/>
      </file>
    </package>
    <package name="Compubel\Rating\Models">
      <file name="/Users/jasper/Laravel/laravel-rating/packages/compubel/laravel-rating/src/Models/Rating.php">
        <class name="Compubel\Rating\Models\Rating" namespace="Compubel\Rating\Models">
          <metrics complexity="2" methods="1" coveredmethods="0" conditionals="0" coveredconditionals="0" statements="6" coveredstatements="0" elements="7" coveredelements="0"/>
        </class>
        <line num="9" type="method" name="__construct" visibility="public" complexity="2" crap="6.00" count="0"/>
        <line num="10" type="stmt" count="0"/>
        <line num="11" type="stmt" count="0"/>
        <line num="12" type="stmt" count="0"/>
        <line num="13" type="stmt" count="0"/>
        <line num="15" type="stmt" count="0"/>
        <line num="16" type="stmt" count="0"/>
        <metrics loc="17" ncloc="17" classes="1" methods="1" coveredmethods="0" conditionals="0" coveredconditionals="0" statements="6" coveredstatements="0" elements="7" coveredelements="0"/>
      </file>
    </package>
    <metrics files="10" loc="369" ncloc="247" classes="6" methods="17" coveredmethods="12" conditionals="0" coveredconditionals="0" statements="68" coveredstatements="57" elements="85" coveredelements="69"/>
  </project>
</coverage>
